<?xml version="1.0" encoding="UTF-8"?>
<testng-results ignored="0" total="1" passed="1" failed="0" skipped="0">
  <reporter-output>
  </reporter-output>
  <suite started-at="2025-02-15T19:00:43 EST" name="Suite" finished-at="2025-02-15T19:00:43 EST" duration-ms="32">
    <groups>
    </groups>
    <test started-at="2025-02-15T19:00:43 EST" name="Test" finished-at="2025-02-15T19:00:43 EST" duration-ms="32">
      <class name="Automation.MavenAutomation1.AppTest">
        <test-method signature="shouldAnswerWithTrue()[pri:0, instance:Automation.MavenAutomation1.AppTest@1a4013]" started-at="2025-02-15T19:00:43 EST" name="shouldAnswerWithTrue" finished-at="2025-02-15T19:00:43 EST" duration-ms="5" status="PASS">
          <reporter-output>
          </reporter-output>
        </test-method> <!-- shouldAnswerWithTrue -->
      </class> <!-- Automation.MavenAutomation1.AppTest -->
    </test> <!-- Test -->
  </suite> <!-- Suite -->
</testng-results>
